<?xml version="1.0" encoding="UTF-8"?>
<testsuite xmlns:xsi="http://www.w3.org/2001/XMLSchema-instance" xsi:noNamespaceSchemaLocation="https://maven.apache.org/surefire/maven-surefire-plugin/xsd/surefire-test-report-3.0.xsd" version="3.0" name="com.revature.unit.planet.dao.TestGetPlanetByName" time="0.007" tests="2" errors="0" skipped="0" failures="0">
  <properties>
    <property name="java.specification.version" value="21"/>
    <property name="sun.jnu.encoding" value="UTF-8"/>
    <property name="java.class.path" value="/Users/alejandrochavez/Desktop/Github/public/planets-and-moons/target/test-classes:/Users/alejandrochavez/Desktop/Github/public/planets-and-moons/target/classes:/Users/alejandrochavez/.m2/repository/org/slf4j/slf4j-simple/2.0.10/slf4j-simple-2.0.10.jar:/Users/alejandrochavez/.m2/repository/org/slf4j/slf4j-api/2.0.10/slf4j-api-2.0.10.jar:/Users/alejandrochavez/.m2/repository/org/xerial/sqlite-jdbc/3.45.2.0/sqlite-jdbc-3.45.2.0.jar:/Users/alejandrochavez/.m2/repository/io/javalin/javalin/6.1.3/javalin-6.1.3.jar:/Users/alejandrochavez/.m2/repository/org/eclipse/jetty/jetty-server/11.0.20/jetty-server-11.0.20.jar:/Users/alejandrochavez/.m2/repository/org/eclipse/jetty/jetty-http/11.0.20/jetty-http-11.0.20.jar:/Users/alejandrochavez/.m2/repository/org/eclipse/jetty/jetty-util/11.0.20/jetty-util-11.0.20.jar:/Users/alejandrochavez/.m2/repository/org/eclipse/jetty/jetty-io/11.0.20/jetty-io-11.0.20.jar:/Users/alejandrochavez/.m2/repository/org/eclipse/jetty/toolchain/jetty-jakarta-servlet-api/5.0.2/jetty-jakarta-servlet-api-5.0.2.jar:/Users/alejandrochavez/.m2/repository/org/eclipse/jetty/websocket/websocket-jetty-server/11.0.20/websocket-jetty-server-11.0.20.jar:/Users/alejandrochavez/.m2/repository/org/eclipse/jetty/jetty-servlet/11.0.20/jetty-servlet-11.0.20.jar:/Users/alejandrochavez/.m2/repository/org/eclipse/jetty/jetty-security/11.0.20/jetty-security-11.0.20.jar:/Users/alejandrochavez/.m2/repository/org/eclipse/jetty/jetty-webapp/11.0.20/jetty-webapp-11.0.20.jar:/Users/alejandrochavez/.m2/repository/org/eclipse/jetty/jetty-xml/11.0.20/jetty-xml-11.0.20.jar:/Users/alejandrochavez/.m2/repository/org/eclipse/jetty/websocket/websocket-jetty-api/11.0.20/websocket-jetty-api-11.0.20.jar:/Users/alejandrochavez/.m2/repository/org/eclipse/jetty/websocket/websocket-jetty-common/11.0.20/websocket-jetty-common-11.0.20.jar:/Users/alejandrochavez/.m2/repository/org/eclipse/jetty/websocket/websocket-core-common/11.0.20/websocket-core-common-11.0.20.jar:/Users/alejandrochavez/.m2/repository/org/eclipse/jetty/websocket/websocket-servlet/11.0.20/websocket-servlet-11.0.20.jar:/Users/alejandrochavez/.m2/repository/org/eclipse/jetty/websocket/websocket-core-server/11.0.20/websocket-core-server-11.0.20.jar:/Users/alejandrochavez/.m2/repository/org/jetbrains/kotlin/kotlin-stdlib-jdk8/1.9.22/kotlin-stdlib-jdk8-1.9.22.jar:/Users/alejandrochavez/.m2/repository/org/jetbrains/kotlin/kotlin-stdlib/1.9.22/kotlin-stdlib-1.9.22.jar:/Users/alejandrochavez/.m2/repository/org/jetbrains/annotations/13.0/annotations-13.0.jar:/Users/alejandrochavez/.m2/repository/org/jetbrains/kotlin/kotlin-stdlib-jdk7/1.9.22/kotlin-stdlib-jdk7-1.9.22.jar:/Users/alejandrochavez/.m2/repository/com/fasterxml/jackson/core/jackson-databind/2.13.4/jackson-databind-2.13.4.jar:/Users/alejandrochavez/.m2/repository/com/fasterxml/jackson/core/jackson-annotations/2.13.4/jackson-annotations-2.13.4.jar:/Users/alejandrochavez/.m2/repository/com/fasterxml/jackson/core/jackson-core/2.13.4/jackson-core-2.13.4.jar:/Users/alejandrochavez/.m2/repository/org/junit/jupiter/junit-jupiter-api/5.10.2/junit-jupiter-api-5.10.2.jar:/Users/alejandrochavez/.m2/repository/org/opentest4j/opentest4j/1.3.0/opentest4j-1.3.0.jar:/Users/alejandrochavez/.m2/repository/org/junit/platform/junit-platform-commons/1.10.2/junit-platform-commons-1.10.2.jar:/Users/alejandrochavez/.m2/repository/org/apiguardian/apiguardian-api/1.1.2/apiguardian-api-1.1.2.jar:/Users/alejandrochavez/.m2/repository/org/mockito/mockito-core/5.11.0/mockito-core-5.11.0.jar:/Users/alejandrochavez/.m2/repository/net/bytebuddy/byte-buddy/1.14.12/byte-buddy-1.14.12.jar:/Users/alejandrochavez/.m2/repository/net/bytebuddy/byte-buddy-agent/1.14.12/byte-buddy-agent-1.14.12.jar:/Users/alejandrochavez/.m2/repository/org/objenesis/objenesis/3.3/objenesis-3.3.jar:"/>
    <property name="java.vm.vendor" value="Oracle Corporation"/>
    <property name="sun.arch.data.model" value="64"/>
    <property name="java.vendor.url" value="https://java.oracle.com/"/>
    <property name="user.timezone" value="America/Chicago"/>
    <property name="os.name" value="Mac OS X"/>
    <property name="java.vm.specification.version" value="21"/>
    <property name="sun.java.launcher" value="SUN_STANDARD"/>
    <property name="user.country" value="US"/>
    <property name="sun.boot.library.path" value="/Library/Java/JavaVirtualMachines/jdk-21.jdk/Contents/Home/lib"/>
    <property name="sun.java.command" value="/Users/alejandrochavez/Desktop/Github/public/planets-and-moons/target/surefire/surefirebooter-20240521003350038_3.jar /Users/alejandrochavez/Desktop/Github/public/planets-and-moons/target/surefire 2024-05-21T00-33-49_946-jvmRun1 surefire-20240521003350038_1tmp surefire_0-20240521003350038_2tmp"/>
    <property name="http.nonProxyHosts" value="local|*.local|169.254/16|*.169.254/16"/>
    <property name="jdk.debug" value="release"/>
    <property name="surefire.test.class.path" value="/Users/alejandrochavez/Desktop/Github/public/planets-and-moons/target/test-classes:/Users/alejandrochavez/Desktop/Github/public/planets-and-moons/target/classes:/Users/alejandrochavez/.m2/repository/org/slf4j/slf4j-simple/2.0.10/slf4j-simple-2.0.10.jar:/Users/alejandrochavez/.m2/repository/org/slf4j/slf4j-api/2.0.10/slf4j-api-2.0.10.jar:/Users/alejandrochavez/.m2/repository/org/xerial/sqlite-jdbc/3.45.2.0/sqlite-jdbc-3.45.2.0.jar:/Users/alejandrochavez/.m2/repository/io/javalin/javalin/6.1.3/javalin-6.1.3.jar:/Users/alejandrochavez/.m2/repository/org/eclipse/jetty/jetty-server/11.0.20/jetty-server-11.0.20.jar:/Users/alejandrochavez/.m2/repository/org/eclipse/jetty/jetty-http/11.0.20/jetty-http-11.0.20.jar:/Users/alejandrochavez/.m2/repository/org/eclipse/jetty/jetty-util/11.0.20/jetty-util-11.0.20.jar:/Users/alejandrochavez/.m2/repository/org/eclipse/jetty/jetty-io/11.0.20/jetty-io-11.0.20.jar:/Users/alejandrochavez/.m2/repository/org/eclipse/jetty/toolchain/jetty-jakarta-servlet-api/5.0.2/jetty-jakarta-servlet-api-5.0.2.jar:/Users/alejandrochavez/.m2/repository/org/eclipse/jetty/websocket/websocket-jetty-server/11.0.20/websocket-jetty-server-11.0.20.jar:/Users/alejandrochavez/.m2/repository/org/eclipse/jetty/jetty-servlet/11.0.20/jetty-servlet-11.0.20.jar:/Users/alejandrochavez/.m2/repository/org/eclipse/jetty/jetty-security/11.0.20/jetty-security-11.0.20.jar:/Users/alejandrochavez/.m2/repository/org/eclipse/jetty/jetty-webapp/11.0.20/jetty-webapp-11.0.20.jar:/Users/alejandrochavez/.m2/repository/org/eclipse/jetty/jetty-xml/11.0.20/jetty-xml-11.0.20.jar:/Users/alejandrochavez/.m2/repository/org/eclipse/jetty/websocket/websocket-jetty-api/11.0.20/websocket-jetty-api-11.0.20.jar:/Users/alejandrochavez/.m2/repository/org/eclipse/jetty/websocket/websocket-jetty-common/11.0.20/websocket-jetty-common-11.0.20.jar:/Users/alejandrochavez/.m2/repository/org/eclipse/jetty/websocket/websocket-core-common/11.0.20/websocket-core-common-11.0.20.jar:/Users/alejandrochavez/.m2/repository/org/eclipse/jetty/websocket/websocket-servlet/11.0.20/websocket-servlet-11.0.20.jar:/Users/alejandrochavez/.m2/repository/org/eclipse/jetty/websocket/websocket-core-server/11.0.20/websocket-core-server-11.0.20.jar:/Users/alejandrochavez/.m2/repository/org/jetbrains/kotlin/kotlin-stdlib-jdk8/1.9.22/kotlin-stdlib-jdk8-1.9.22.jar:/Users/alejandrochavez/.m2/repository/org/jetbrains/kotlin/kotlin-stdlib/1.9.22/kotlin-stdlib-1.9.22.jar:/Users/alejandrochavez/.m2/repository/org/jetbrains/annotations/13.0/annotations-13.0.jar:/Users/alejandrochavez/.m2/repository/org/jetbrains/kotlin/kotlin-stdlib-jdk7/1.9.22/kotlin-stdlib-jdk7-1.9.22.jar:/Users/alejandrochavez/.m2/repository/com/fasterxml/jackson/core/jackson-databind/2.13.4/jackson-databind-2.13.4.jar:/Users/alejandrochavez/.m2/repository/com/fasterxml/jackson/core/jackson-annotations/2.13.4/jackson-annotations-2.13.4.jar:/Users/alejandrochavez/.m2/repository/com/fasterxml/jackson/core/jackson-core/2.13.4/jackson-core-2.13.4.jar:/Users/alejandrochavez/.m2/repository/org/junit/jupiter/junit-jupiter-api/5.10.2/junit-jupiter-api-5.10.2.jar:/Users/alejandrochavez/.m2/repository/org/opentest4j/opentest4j/1.3.0/opentest4j-1.3.0.jar:/Users/alejandrochavez/.m2/repository/org/junit/platform/junit-platform-commons/1.10.2/junit-platform-commons-1.10.2.jar:/Users/alejandrochavez/.m2/repository/org/apiguardian/apiguardian-api/1.1.2/apiguardian-api-1.1.2.jar:/Users/alejandrochavez/.m2/repository/org/mockito/mockito-core/5.11.0/mockito-core-5.11.0.jar:/Users/alejandrochavez/.m2/repository/net/bytebuddy/byte-buddy/1.14.12/byte-buddy-1.14.12.jar:/Users/alejandrochavez/.m2/repository/net/bytebuddy/byte-buddy-agent/1.14.12/byte-buddy-agent-1.14.12.jar:/Users/alejandrochavez/.m2/repository/org/objenesis/objenesis/3.3/objenesis-3.3.jar:"/>
    <property name="sun.cpu.endian" value="little"/>
    <property name="user.home" value="/Users/alejandrochavez"/>
    <property name="user.language" value="en"/>
    <property name="java.specification.vendor" value="Oracle Corporation"/>
    <property name="java.version.date" value="2024-04-16"/>
    <property name="java.home" value="/Library/Java/JavaVirtualMachines/jdk-21.jdk/Contents/Home"/>
    <property name="file.separator" value="/"/>
    <property name="basedir" value="/Users/alejandrochavez/Desktop/Github/public/planets-and-moons"/>
    <property name="java.vm.compressedOopsMode" value="Zero based"/>
    <property name="line.separator" value="&#10;"/>
    <property name="java.vm.specification.vendor" value="Oracle Corporation"/>
    <property name="java.specification.name" value="Java Platform API Specification"/>
    <property name="apple.awt.application.name" value="ForkedBooter"/>
    <property name="surefire.real.class.path" value="/Users/alejandrochavez/Desktop/Github/public/planets-and-moons/target/surefire/surefirebooter-20240521003350038_3.jar"/>
    <property name="sun.management.compiler" value="HotSpot 64-Bit Tiered Compilers"/>
    <property name="ftp.nonProxyHosts" value="local|*.local|169.254/16|*.169.254/16"/>
    <property name="java.runtime.version" value="21.0.3+7-LTS-152"/>
    <property name="user.name" value="alejandrochavez"/>
    <property name="stdout.encoding" value="UTF-8"/>
    <property name="path.separator" value=":"/>
    <property name="os.version" value="12.6"/>
    <property name="java.runtime.name" value="Java(TM) SE Runtime Environment"/>
    <property name="file.encoding" value="UTF-8"/>
    <property name="java.vm.name" value="Java HotSpot(TM) 64-Bit Server VM"/>
    <property name="localRepository" value="/Users/alejandrochavez/.m2/repository"/>
    <property name="java.vendor.url.bug" value="https://bugreport.java.com/bugreport/"/>
    <property name="java.io.tmpdir" value="/var/folders/56/dcp6yt6x71b14pjn883qhw140000gn/T/"/>
    <property name="idea.version" value="2024.1"/>
    <property name="java.version" value="21.0.3"/>
    <property name="user.dir" value="/Users/alejandrochavez/Desktop/Github/public/planets-and-moons"/>
    <property name="os.arch" value="x86_64"/>
    <property name="java.vm.specification.name" value="Java Virtual Machine Specification"/>
    <property name="native.encoding" value="UTF-8"/>
    <property name="java.library.path" value="/Users/alejandrochavez/Library/Java/Extensions:/Library/Java/Extensions:/Network/Library/Java/Extensions:/System/Library/Java/Extensions:/usr/lib/java:."/>
    <property name="java.vm.info" value="mixed mode, sharing"/>
    <property name="stderr.encoding" value="UTF-8"/>
    <property name="java.vendor" value="Oracle Corporation"/>
    <property name="java.vm.version" value="21.0.3+7-LTS-152"/>
    <property name="sun.io.unicode.encoding" value="UnicodeBig"/>
    <property name="socksNonProxyHosts" value="local|*.local|169.254/16|*.169.254/16"/>
    <property name="java.class.version" value="65.0"/>
  </properties>
  <testcase name="testGetPlanetByNameDoesNotExist" classname="com.revature.unit.planet.dao.TestGetPlanetByName" time="0.004"/>
  <testcase name="testGetPlanetByName" classname="com.revature.unit.planet.dao.TestGetPlanetByName" time="0.002"/>
</testsuite>